['箅', '安', '才', '弊', '鞍', '昌', '斑', '憋', '厕', '暗', '编', '宝', '舱', '财', '产', '辩', '(', '被', '沧', '鞭', ',', '0', '炳', '贲', '4', '茶', '边', '8', 'ω', '逼', '避', '勃', '坂', '必', 'D', '秉', 'H', '铋', '半', '癌', '壁', 'P', '仓', '毕', 'T', '策', 'X', '博', '保', '瓣', '孢', '查', 'd', '表', '彪', '班', 'l', '苯', 'p', 't', '绷', '靶', '凹', 'x', '槽', '扁', '布', '包', '标', '按', '闭', '怖', '搏', '参', '匕', '贝', '蔡', '败', '崩', '别', '0x2f', '桉', '3', 'β', '柏', '暴', '7', '岸', ';', '蔽', '补', '簿', '宾', '钡', 'C', '臂', 'G', '釆', '草', '遍', 'K', '并', '背', 'O', '泌', '卑', '痹', 'S', '插', '拔', 'W', '菖', '坝', '拜', 'c', '奥', '璧', 'g', '彩', '滨', 'k', 'o', '差', '饱', 's', '亳', '兵', 'w', '氨', '百', '灿', '颁', '6', '昂', '爆', '残', '鲍', '搬', '碑', '餐', '蚕', '笔', '吖', '帮', '∞', '蒡', '瘢', '报', '侧', '册', '冫', '播', '本', '0x2e', '抱', '澳', '2', '伴', 'h', '玻', ':', '便', '裁', '埃', 'B', '采', 'F', '不', 'J', '苍', '捌', '藏', 'N', '材', '髌', 'R', '奔', 'V', '糙', '步', 'γ', '卜', '察', 'Z', 'b', 'f', '叉', 'j', '彬', 'n', '佰', '嗳', 'r', '铵', '嗷', 'v', '曹', '査', 'z', '拨', '艾', '币', '膀', '薄', '备', '碧', '倍', '斌', '阿', '般', '楂', '北', '丙', '病', '办', '堡', '%', '疤', '邦', ')', '辨', '摆', '熬', '伯', '爱', '冰', '傲', '5', '版', '刹', '鼻', '部', '把', 'μ', '柴', 'A', '吡', '葆', '铂', 'E', '柄', '碍', '拆', 'I', '操', '测', '泊', 'M', 'L', 'Q', '豹', '棒', 'U', '比', '鳖', 'Y', '变', '层', '菜', '胞', 'a', '埠', '9', '波', 'e', '擦', 'i', '八', '案', 'm', '剥', '杯', 'q', '1', 'u', '巴', '杷', 'y', '胺', '白', '泵', '板', '曾']
../../data/train/
 创建成功
../../data/train/0
 创建成功
../../data/train/0/0
 创建成功
../../data/train/0/1
 创建成功
../../data/train/0/2
 创建成功
../../data/train/0/3
 创建成功
../../data/train/0/4
 创建成功
../../data/train/0/5
 创建成功
../../data/train/0/6
 创建成功
../../data/train/0/7
 创建成功
../../data/train/0/8
 创建成功
../../data/train/0/9
 创建成功
../../data/train/0/10
 创建成功
../../data/train/0/11
 创建成功
../../data/train/0/12
 创建成功
../../data/train/0/13
 创建成功
../../data/train/0/14
 创建成功
Traceback (most recent call last):
  File "/home/work/anaconda3/lib/python3.6/site-packages/PIL/ImageFile.py", line 464, in _save
    fh = fp.fileno()
AttributeError: '_idat' object has no attribute 'fileno'

During handling of the above exception, another exception occurred:

Traceback (most recent call last):
  File "GenerateImages.py", line 130, in <module>
    x.creatPic(num=25000)                     #生成数目
  File "GenerateImages.py", line 119, in creatPic
    self.creat_pic_each_file(f=f,file=str(file1)+'/'+str(file2)+'/')
  File "GenerateImages.py", line 82, in creat_pic_each_file
    toImage.save(self.out_path+file+file_+str(num)+'_' + name + '.png')
  File "/home/work/anaconda3/lib/python3.6/site-packages/PIL/Image.py", line 1893, in save
    save_handler(self, fp, filename)
  File "/home/work/anaconda3/lib/python3.6/site-packages/PIL/PngImagePlugin.py", line 796, in _save
    [("zip", (0, 0)+im.size, 0, rawmode)])
  File "/home/work/anaconda3/lib/python3.6/site-packages/PIL/ImageFile.py", line 478, in _save
    l, s, d = e.encode(bufsize)
KeyboardInterrupt
['箅', '安', '才', '弊', '鞍', '昌', '斑', '憋', '厕', '暗', '编', '宝', '舱', '财', '产', '辩', '(', '被', '沧', '鞭', ',', '0', '炳', '贲', '4', '茶', '边', '8', 'ω', '逼', '避', '勃', '坂', '必', 'D', '秉', 'H', '铋', '半', '癌', '壁', 'P', '仓', '毕', 'T', '策', 'X', '博', '保', '瓣', '孢', '查', 'd', '表', '彪', '班', 'l', '苯', 'p', 't', '绷', '靶', '凹', 'x', '槽', '扁', '布', '包', '标', '按', '闭', '怖', '搏', '参', '匕', '贝', '蔡', '败', '崩', '别', '0x2f', '桉', '3', 'β', '柏', '暴', '7', '岸', ';', '蔽', '补', '簿', '宾', '钡', 'C', '臂', 'G', '釆', '草', '遍', 'K', '并', '背', 'O', '泌', '卑', '痹', 'S', '插', '拔', 'W', '菖', '坝', '拜', 'c', '奥', '璧', 'g', '彩', '滨', 'k', 'o', '差', '饱', 's', '亳', '兵', 'w', '氨', '百', '灿', '颁', '6', '昂', '爆', '残', '鲍', '搬', '碑', '餐', '蚕', '笔', '吖', '帮', '∞', '蒡', '瘢', '报', '侧', '册', '冫', '播', '本', '0x2e', '抱', '澳', '2', '伴', 'h', '玻', ':', '便', '裁', '埃', 'B', '采', 'F', '不', 'J', '苍', '捌', '藏', 'N', '材', '髌', 'R', '奔', 'V', '糙', '步', 'γ', '卜', '察', 'Z', 'b', 'f', '叉', 'j', '彬', 'n', '佰', '嗳', 'r', '铵', '嗷', 'v', '曹', '査', 'z', '拨', '艾', '币', '膀', '薄', '备', '碧', '倍', '斌', '阿', '般', '楂', '北', '丙', '病', '办', '堡', '%', '疤', '邦', ')', '辨', '摆', '熬', '伯', '爱', '冰', '傲', '5', '版', '刹', '鼻', '部', '把', 'μ', '柴', 'A', '吡', '葆', '铂', 'E', '柄', '碍', '拆', 'I', '操', '测', '泊', 'M', 'L', 'Q', '豹', '棒', 'U', '比', '鳖', 'Y', '变', '层', '菜', '胞', 'a', '埠', '9', '波', 'e', '擦', 'i', '八', '案', 'm', '剥', '杯', 'q', '1', 'u', '巴', '杷', 'y', '胺', '白', '泵', '板', '曾']
../../data/train/
 创建成功
../../data/train/0
 创建成功
../../data/train/0/0
 创建成功
../../data/train/0/1
 创建成功
../../data/train/0/2
 创建成功
../../data/train/0/3
 创建成功
../../data/train/0/4
 创建成功
../../data/train/0/5
 创建成功
../../data/train/0/6
 创建成功
../../data/train/0/7
 创建成功
../../data/train/0/8
 创建成功
../../data/train/0/9
 创建成功
../../data/train/0/10
 创建成功
../../data/train/0/11
 创建成功
../../data/train/0/12
 创建成功
../../data/train/0/13
 创建成功
../../data/train/0/14
 创建成功
../../data/train/0/15
 创建成功
../../data/train/0/16
 创建成功
../../data/train/0/17
 创建成功
../../data/train/0/18
 创建成功
../../data/train/0/19
 创建成功
../../data/train/0/20
 创建成功
../../data/train/0/21
 创建成功
../../data/train/0/22
 创建成功
../../data/train/0/23
 创建成功
../../data/train/0/24
 创建成功
../../data/train/0/25
 创建成功
../../data/train/0/26
 创建成功
../../data/train/0/27
 创建成功
../../data/train/0/28
 创建成功
../../data/train/0/29
 创建成功
../../data/train/0/30
 创建成功
../../data/train/0/31
 创建成功
../../data/train/0/32
 创建成功
../../data/train/0/33
 创建成功
../../data/train/0/34
 创建成功
../../data/train/0/35
 创建成功
../../data/train/0/36
 创建成功
../../data/train/0/37
 创建成功
../../data/train/0/38
 创建成功
../../data/train/0/39
 创建成功
../../data/train/0/40
 创建成功
../../data/train/0/41
 创建成功
../../data/train/0/42
 创建成功
../../data/train/0/43
 创建成功
../../data/train/0/44
 创建成功
../../data/train/0/45
 创建成功
../../data/train/0/46
 创建成功
../../data/train/0/47
 创建成功
../../data/train/0/48
 创建成功
../../data/train/0/49
 创建成功
../../data/train/0/50
 创建成功
../../data/train/0/51
 创建成功
../../data/train/0/52
 创建成功
../../data/train/0/53
 创建成功
../../data/train/0/54
 创建成功
../../data/train/0/55
 创建成功
../../data/train/0/56
 创建成功
../../data/train/0/57
 创建成功
../../data/train/0/58
 创建成功
../../data/train/0/59
 创建成功
../../data/train/0/60
 创建成功
../../data/train/0/61
 创建成功
../../data/train/0/62
 创建成功
../../data/train/0/63
 创建成功
../../data/train/0/64
 创建成功
../../data/train/0/65
 创建成功
../../data/train/0/66
 创建成功
../../data/train/0/67
 创建成功
../../data/train/0/68
 创建成功
../../data/train/0/69
 创建成功
../../data/train/0/70
 创建成功
../../data/train/0/71
 创建成功
../../data/train/0/72
 创建成功
../../data/train/0/73
 创建成功
../../data/train/0/74
 创建成功
../../data/train/0/75
 创建成功
../../data/train/0/76
 创建成功
../../data/train/0/77
 创建成功
../../data/train/0/78
 创建成功
../../data/train/0/79
 创建成功
../../data/train/0/80
 创建成功
../../data/train/0/81
 创建成功
../../data/train/0/82
 创建成功
../../data/train/0/83
 创建成功
../../data/train/0/84
 创建成功
../../data/train/0/85
 创建成功
../../data/train/0/86
 创建成功
../../data/train/0/87
 创建成功
../../data/train/0/88
 创建成功
../../data/train/0/89
 创建成功
../../data/train/0/90
 创建成功
../../data/train/0/91
 创建成功
../../data/train/0/92
 创建成功
../../data/train/0/93
 创建成功
../../data/train/0/94
 创建成功
../../data/train/0/95
 创建成功
../../data/train/0/96
 创建成功
../../data/train/0/97
 创建成功
../../data/train/0/98
 创建成功
../../data/train/0/99
 创建成功
../../data/train/0/100
 创建成功
../../data/train/0/101
 创建成功
../../data/train/0/102
 创建成功
../../data/train/0/103
 创建成功
../../data/train/0/104
 创建成功
../../data/train/0/105
 创建成功
../../data/train/0/106
 创建成功
../../data/train/0/107
 创建成功
../../data/train/0/108
 创建成功
../../data/train/0/109
 创建成功
../../data/train/0/110
 创建成功
../../data/train/0/111
 创建成功
../../data/train/0/112
 创建成功
../../data/train/0/113
 创建成功
../../data/train/0/114
 创建成功
../../data/train/0/115
 创建成功
../../data/train/0/116
 创建成功
../../data/train/0/117
 创建成功
../../data/train/0/118
 创建成功
../../data/train/0/119
 创建成功
../../data/train/0/120
 创建成功
../../data/train/0/121
 创建成功
../../data/train/0/122
 创建成功
../../data/train/0/123
 创建成功
../../data/train/0/124
 创建成功
../../data/train/0/125
 创建成功
../../data/train/0/126
 创建成功
../../data/train/0/127
 创建成功
../../data/train/0/128
 创建成功
../../data/train/0/129
 创建成功
../../data/train/0/130
 创建成功
../../data/train/0/131
 创建成功
../../data/train/0/132
 创建成功
../../data/train/0/133
 创建成功
../../data/train/0/134
 创建成功
../../data/train/0/135
 创建成功
../../data/train/0/136
 创建成功
../../data/train/0/137
 创建成功
../../data/train/0/138
 创建成功
../../data/train/0/139
 创建成功
../../data/train/0/140
 创建成功
../../data/train/0/141
 创建成功
../../data/train/0/142
 创建成功
../../data/train/0/143
 创建成功
../../data/train/0/144
 创建成功
../../data/train/0/145
 创建成功
../../data/train/0/146
 创建成功
../../data/train/0/147
 创建成功
../../data/train/0/148
 创建成功
../../data/train/0/149
 创建成功
../../data/train/0/150
 创建成功
../../data/train/0/151
 创建成功
../../data/train/0/152
 创建成功
../../data/train/0/153
 创建成功
../../data/train/0/154
 创建成功
../../data/train/0/155
 创建成功
../../data/train/0/156
 创建成功
../../data/train/0/157
 创建成功
../../data/train/0/158
 创建成功
../../data/train/0/159
 创建成功
../../data/train/0/160
 创建成功
../../data/train/0/161
 创建成功
../../data/train/0/162
 创建成功
../../data/train/0/163
 创建成功
../../data/train/0/164
 创建成功
../../data/train/0/165
 创建成功
../../data/train/0/166
 创建成功
../../data/train/0/167
 创建成功
../../data/train/0/168
 创建成功
../../data/train/0/169
 创建成功
../../data/train/0/170
 创建成功
../../data/train/0/171
 创建成功
../../data/train/0/172
 创建成功
../../data/train/0/173
 创建成功
../../data/train/0/174
 创建成功
../../data/train/0/175
 创建成功
../../data/train/0/176
 创建成功
../../data/train/0/177
 创建成功
../../data/train/0/178
 创建成功
../../data/train/0/179
 创建成功
../../data/train/0/180
 创建成功
../../data/train/0/181
 创建成功
../../data/train/0/182
 创建成功
../../data/train/0/183
 创建成功
../../data/train/0/184
 创建成功
../../data/train/0/185
 创建成功
../../data/train/0/186
 创建成功
../../data/train/0/187
 创建成功
../../data/train/0/188
 创建成功
../../data/train/0/189
 创建成功
../../data/train/0/190
 创建成功
../../data/train/0/191
 创建成功
../../data/train/0/192
 创建成功
../../data/train/0/193
 创建成功
../../data/train/0/194
 创建成功
../../data/train/0/195
 创建成功
../../data/train/0/196
 创建成功
../../data/train/0/197
 创建成功
../../data/train/0/198
 创建成功
../../data/train/0/199
 创建成功
../../data/train/0/200
 创建成功
../../data/train/0/201
 创建成功
../../data/train/0/202
 创建成功
../../data/train/0/203
 创建成功
../../data/train/0/204
 创建成功
../../data/train/0/205
 创建成功
../../data/train/0/206
 创建成功
../../data/train/0/207
 创建成功
../../data/train/0/208
 创建成功
../../data/train/0/209
 创建成功
../../data/train/0/210
 创建成功
../../data/train/0/211
 创建成功
../../data/train/0/212
 创建成功
../../data/train/0/213
 创建成功
../../data/train/0/214
 创建成功
../../data/train/0/215
 创建成功
../../data/train/0/216
 创建成功
../../data/train/0/217
 创建成功
../../data/train/0/218
 创建成功
../../data/train/0/219
 创建成功
../../data/train/0/220
 创建成功
../../data/train/0/221
 创建成功
../../data/train/0/222
 创建成功
../../data/train/0/223
 创建成功
../../data/train/0/224
 创建成功
../../data/train/0/225
 创建成功
../../data/train/0/226
 创建成功
../../data/train/0/227
 创建成功
../../data/train/0/228
 创建成功
../../data/train/0/229
 创建成功
../../data/train/0/230
 创建成功
../../data/train/0/231
 创建成功
../../data/train/0/232
 创建成功
../../data/train/0/233
 创建成功
../../data/train/0/234
 创建成功
../../data/train/0/235
 创建成功
../../data/train/0/236
 创建成功
../../data/train/0/237
 创建成功
../../data/train/0/238
 创建成功
../../data/train/0/239
 创建成功
../../data/train/0/240
 创建成功
../../data/train/0/241
 创建成功
../../data/train/0/242
 创建成功
../../data/train/0/243
 创建成功
../../data/train/0/244
 创建成功
../../data/train/0/245
 创建成功
../../data/train/0/246
 创建成功
../../data/train/0/247
 创建成功
../../data/train/0/248
 创建成功
../../data/train/0/249
 创建成功
../../data/train/0/250
 创建成功
../../data/train/0/251
 创建成功
../../data/train/0/252
 创建成功
../../data/train/0/253
 创建成功
../../data/train/0/254
 创建成功
../../data/train/0/255
 创建成功
../../data/train/0/256
 创建成功
../../data/train/0/257
 创建成功
../../data/train/0/258
 创建成功
../../data/train/0/259
 创建成功
../../data/train/0/260
 创建成功
../../data/train/0/261
 创建成功
../../data/train/0/262
 创建成功
../../data/train/0/263
 创建成功
../../data/train/0/264
 创建成功
../../data/train/0/265
 创建成功
../../data/train/0/266
 创建成功
../../data/train/0/267
 创建成功
../../data/train/0/268
 创建成功
../../data/train/0/269
 创建成功
../../data/train/0/270
 创建成功
../../data/train/0/271
 创建成功
../../data/train/0/272
 创建成功
../../data/train/0/273
 创建成功
../../data/train/0/274
 创建成功
../../data/train/0/275
 创建成功
../../data/train/0/276
 创建成功
../../data/train/0/277
 创建成功
../../data/train/0/278
 创建成功
../../data/train/0/279
 创建成功
../../data/train/0/280
 创建成功
../../data/train/0/281
 创建成功
../../data/train/0/282
 创建成功
../../data/train/0/283
 创建成功
../../data/train/0/284
 创建成功
../../data/train/0/285
 创建成功
../../data/train/0/286
 创建成功
../../data/train/0/287
 创建成功
../../data/train/0/288
 创建成功
../../data/train/0/289
 创建成功
../../data/train/0/290
 创建成功
../../data/train/0/291
 创建成功
../../data/train/0/292
 创建成功
../../data/train/0/293
 创建成功
../../data/train/0/294
 创建成功
../../data/train/0/295
 创建成功
../../data/train/0/296
 创建成功
../../data/train/0/297
 创建成功
../../data/train/0/298
 创建成功
../../data/train/0/299
 创建成功
../../data/train/0/300
 创建成功
../../data/train/0/301
 创建成功
../../data/train/0/302
 创建成功
../../data/train/0/303
 创建成功
../../data/train/0/304
 创建成功
../../data/train/0/305
 创建成功
../../data/train/0/306
 创建成功
../../data/train/0/307
 创建成功
../../data/train/0/308
 创建成功
../../data/train/0/309
 创建成功
../../data/train/0/310
 创建成功
../../data/train/0/311
 创建成功
../../data/train/0/312
 创建成功
../../data/train/0/313
 创建成功
../../data/train/0/314
 创建成功
../../data/train/0/315
 创建成功
../../data/train/0/316
 创建成功
../../data/train/0/317
 创建成功
../../data/train/0/318
 创建成功
../../data/train/0/319
 创建成功
../../data/train/0/320
 创建成功
../../data/train/0/321
 创建成功
../../data/train/0/322
 创建成功
../../data/train/0/323
 创建成功
../../data/train/0/324
 创建成功
../../data/train/0/325
 创建成功
../../data/train/0/326
 创建成功
../../data/train/0/327
 创建成功
../../data/train/0/328
 创建成功
../../data/train/0/329
 创建成功
../../data/train/0/330
 创建成功
../../data/train/0/331
 创建成功
../../data/train/0/332
 创建成功
../../data/train/0/333
 创建成功
../../data/train/0/334
 创建成功
../../data/train/0/335
 创建成功
../../data/train/0/336
 创建成功
../../data/train/0/337
 创建成功
../../data/train/0/338
 创建成功
../../data/train/0/339
 创建成功
../../data/train/0/340
 创建成功
../../data/train/0/341
 创建成功
../../data/train/0/342
 创建成功
../../data/train/0/343
 创建成功
../../data/train/0/344
 创建成功
../../data/train/0/345
 创建成功
../../data/train/0/346
 创建成功
../../data/train/0/347
 创建成功
../../data/train/0/348
 创建成功
../../data/train/0/349
 创建成功
../../data/train/0/350
 创建成功
../../data/train/0/351
 创建成功
../../data/train/0/352
 创建成功
../../data/train/0/353
 创建成功
../../data/train/0/354
 创建成功
../../data/train/0/355
 创建成功
../../data/train/0/356
 创建成功
../../data/train/0/357
 创建成功
../../data/train/0/358
 创建成功
../../data/train/0/359
 创建成功
../../data/train/0/360
 创建成功
../../data/train/0/361
 创建成功
../../data/train/0/362
 创建成功
../../data/train/0/363
 创建成功
../../data/train/0/364
 创建成功
../../data/train/0/365
 创建成功
../../data/train/0/366
 创建成功
../../data/train/0/367
 创建成功
../../data/train/0/368
 创建成功
../../data/train/0/369
 创建成功
../../data/train/0/370
 创建成功
../../data/train/0/371
 创建成功
../../data/train/0/372
 创建成功
../../data/train/0/373
 创建成功
../../data/train/0/374
 创建成功
../../data/train/0/375
 创建成功
../../data/train/0/376
 创建成功
../../data/train/0/377
 创建成功
../../data/train/0/378
 创建成功
../../data/train/0/379
 创建成功
../../data/train/0/380
 创建成功
../../data/train/0/381
 创建成功
../../data/train/0/382
 创建成功
../../data/train/0/383
 创建成功
../../data/train/0/384
 创建成功
../../data/train/0/385
 创建成功
../../data/train/0/386
 创建成功
../../data/train/0/387
 创建成功
../../data/train/0/388
 创建成功
../../data/train/0/389
 创建成功
../../data/train/0/390
 创建成功
../../data/train/0/391
 创建成功
../../data/train/0/392
 创建成功
../../data/train/0/393
 创建成功
../../data/train/0/394
 创建成功
../../data/train/0/395
 创建成功
../../data/train/0/396
 创建成功
../../data/train/0/397
 创建成功
../../data/train/0/398
 创建成功
../../data/train/0/399
 创建成功
../../data/train/0/400
 创建成功
../../data/train/0/401
 创建成功
../../data/train/0/402
 创建成功
../../data/train/0/403
 创建成功
../../data/train/0/404
 创建成功
../../data/train/0/405
 创建成功
../../data/train/0/406
 创建成功
../../data/train/0/407
 创建成功
../../data/train/0/408
 创建成功
../../data/train/0/409
 创建成功
../../data/train/0/410
 创建成功
../../data/train/0/411
 创建成功
../../data/train/0/412
 创建成功
../../data/train/0/413
 创建成功
../../data/train/0/414
 创建成功
../../data/train/0/415
 创建成功
../../data/train/0/416
 创建成功
../../data/train/0/417
 创建成功
../../data/train/0/418
 创建成功
../../data/train/0/419
 创建成功
../../data/train/0/420
 创建成功
../../data/train/0/421
 创建成功
../../data/train/0/422
 创建成功
../../data/train/0/423
 创建成功
../../data/train/0/424
 创建成功
../../data/train/0/425
 创建成功
../../data/train/0/426
 创建成功
../../data/train/0/427
 创建成功
../../data/train/0/428
 创建成功
../../data/train/0/429
 创建成功
../../data/train/0/430
 创建成功
../../data/train/0/431
 创建成功
../../data/train/0/432
 创建成功
../../data/train/0/433
 创建成功
../../data/train/0/434
 创建成功
../../data/train/0/435
 创建成功
../../data/train/0/436
 创建成功
../../data/train/0/437
 创建成功
../../data/train/0/438
 创建成功
../../data/train/0/439
 创建成功
../../data/train/0/440
 创建成功
../../data/train/0/441
 创建成功
../../data/train/0/442
 创建成功
../../data/train/0/443
 创建成功
../../data/train/0/444
 创建成功
../../data/train/0/445
 创建成功
../../data/train/0/446
 创建成功
../../data/train/0/447
 创建成功
../../data/train/0/448
 创建成功
../../data/train/0/449
 创建成功
../../data/train/0/450
 创建成功
../../data/train/0/451
 创建成功
../../data/train/0/452
 创建成功
../../data/train/0/453
 创建成功
../../data/train/0/454
 创建成功
../../data/train/0/455
 创建成功
../../data/train/0/456
 创建成功
../../data/train/0/457
 创建成功
../../data/train/0/458
 创建成功
../../data/train/0/459
 创建成功
../../data/train/0/460
 创建成功
../../data/train/0/461
 创建成功
../../data/train/0/462
 创建成功
../../data/train/0/463
 创建成功
../../data/train/0/464
 创建成功
../../data/train/0/465
 创建成功
../../data/train/0/466
 创建成功
../../data/train/0/467
 创建成功
../../data/train/0/468
 创建成功
../../data/train/0/469
 创建成功
../../data/train/0/470
 创建成功
../../data/train/0/471
 创建成功
../../data/train/0/472
 创建成功
../../data/train/0/473
 创建成功
../../data/train/0/474
 创建成功
../../data/train/0/475
 创建成功
../../data/train/0/476
 创建成功
../../data/train/0/477
 创建成功
../../data/train/0/478
 创建成功
../../data/train/0/479
 创建成功
../../data/train/0/480
 创建成功
../../data/train/0/481
 创建成功
../../data/train/0/482
 创建成功
../../data/train/0/483
 创建成功
../../data/train/0/484
 创建成功
../../data/train/0/485
 创建成功
../../data/train/0/486
 创建成功
../../data/train/0/487
 创建成功
../../data/train/0/488
 创建成功
../../data/train/0/489
 创建成功
../../data/train/0/490
 创建成功
../../data/train/0/491
 创建成功
../../data/train/0/492
 创建成功
../../data/train/0/493
 创建成功
../../data/train/0/494
 创建成功
../../data/train/0/495
 创建成功
../../data/train/0/496
 创建成功
../../data/train/0/497
 创建成功
../../data/train/0/498
 创建成功
../../data/train/0/499
 创建成功
../../data/train/1
 创建成功
../../data/train/1/0
 创建成功
../../data/train/1/1
 创建成功
../../data/train/1/2
 创建成功
../../data/train/1/3
 创建成功
../../data/train/1/4
 创建成功
../../data/train/1/5
 创建成功
../../data/train/1/6
 创建成功
../../data/train/1/7
 创建成功
../../data/train/1/8
 创建成功
../../data/train/1/9
 创建成功
../../data/train/1/10
 创建成功
../../data/train/1/11
 创建成功
../../data/train/1/12
 创建成功
../../data/train/1/13
 创建成功
../../data/train/1/14
 创建成功
../../data/train/1/15
 创建成功
../../data/train/1/16
 创建成功
../../data/train/1/17
 创建成功
../../data/train/1/18
 创建成功
../../data/train/1/19
 创建成功
../../data/train/1/20
 创建成功
../../data/train/1/21
 创建成功
../../data/train/1/22
 创建成功
../../data/train/1/23
 创建成功
../../data/train/1/24
 创建成功
../../data/train/1/25
 创建成功
../../data/train/1/26
 创建成功
../../data/train/1/27
 创建成功
../../data/train/1/28
 创建成功
../../data/train/1/29
 创建成功
../../data/train/1/30
 创建成功
../../data/train/1/31
 创建成功
../../data/train/1/32
 创建成功
../../data/train/1/33
 创建成功
../../data/train/1/34
 创建成功
../../data/train/1/35
 创建成功
../../data/train/1/36
 创建成功
../../data/train/1/37
 创建成功
../../data/train/1/38
 创建成功
../../data/train/1/39
 创建成功
../../data/train/1/40
 创建成功
../../data/train/1/41
 创建成功
../../data/train/1/42
 创建成功
../../data/train/1/43
 创建成功
../../data/train/1/44
 创建成功
../../data/train/1/45
 创建成功
../../data/train/1/46
 创建成功
../../data/train/1/47
 创建成功
../../data/train/1/48
 创建成功
../../data/train/1/49
 创建成功
../../data/train/1/50
 创建成功
../../data/train/1/51
 创建成功
../../data/train/1/52
 创建成功
../../data/train/1/53
 创建成功
../../data/train/1/54
 创建成功
../../data/train/1/55
 创建成功
../../data/train/1/56
 创建成功
../../data/train/1/57
 创建成功
../../data/train/1/58
 创建成功
../../data/train/1/59
 创建成功
../../data/train/1/60
 创建成功
../../data/train/1/61
 创建成功
../../data/train/1/62
 创建成功
../../data/train/1/63
 创建成功
../../data/train/1/64
 创建成功
../../data/train/1/65
 创建成功
../../data/train/1/66
 创建成功
../../data/train/1/67
 创建成功
../../data/train/1/68
 创建成功
../../data/train/1/69
 创建成功
../../data/train/1/70
 创建成功
../../data/train/1/71
 创建成功
../../data/train/1/72
 创建成功
../../data/train/1/73
 创建成功
../../data/train/1/74
 创建成功
../../data/train/1/75
 创建成功
../../data/train/1/76
 创建成功
../../data/train/1/77
 创建成功
../../data/train/1/78
 创建成功
../../data/train/1/79
 创建成功
../../data/train/1/80
 创建成功
../../data/train/1/81
 创建成功
../../data/train/1/82
 创建成功
../../data/train/1/83
 创建成功
../../data/train/1/84
 创建成功
../../data/train/1/85
 创建成功
../../data/train/1/86
 创建成功
../../data/train/1/87
 创建成功
../../data/train/1/88
 创建成功
../../data/train/1/89
 创建成功
../../data/train/1/90
 创建成功
../../data/train/1/91
 创建成功
../../data/train/1/92
 创建成功
../../data/train/1/93
 创建成功
../../data/train/1/94
 创建成功
../../data/train/1/95
 创建成功
../../data/train/1/96
 创建成功
../../data/train/1/97
 创建成功
../../data/train/1/98
 创建成功
../../data/train/1/99
 创建成功
../../data/train/1/100
 创建成功
../../data/train/1/101
 创建成功
../../data/train/1/102
 创建成功
../../data/train/1/103
 创建成功
../../data/train/1/104
 创建成功
../../data/train/1/105
 创建成功
../../data/train/1/106
 创建成功
../../data/train/1/107
 创建成功
../../data/train/1/108
 创建成功
../../data/train/1/109
 创建成功
../../data/train/1/110
 创建成功
../../data/train/1/111
 创建成功
../../data/train/1/112
 创建成功
../../data/train/1/113
 创建成功
../../data/train/1/114
 创建成功
../../data/train/1/115
 创建成功
../../data/train/1/116
 创建成功
../../data/train/1/117
 创建成功
../../data/train/1/118
 创建成功
../../data/train/1/119
 创建成功
../../data/train/1/120
 创建成功
../../data/train/1/121
 创建成功
../../data/train/1/122
 创建成功
../../data/train/1/123
 创建成功
../../data/train/1/124
 创建成功
../../data/train/1/125
 创建成功
../../data/train/1/126
 创建成功
../../data/train/1/127
 创建成功
../../data/train/1/128
 创建成功
../../data/train/1/129
 创建成功
../../data/train/1/130
 创建成功
../../data/train/1/131
 创建成功
../../data/train/1/132
 创建成功
../../data/train/1/133
 创建成功
../../data/train/1/134
 创建成功
../../data/train/1/135
 创建成功
../../data/train/1/136
 创建成功
../../data/train/1/137
 创建成功
../../data/train/1/138
 创建成功
../../data/train/1/139
 创建成功
../../data/train/1/140
 创建成功
../../data/train/1/141
 创建成功
../../data/train/1/142
 创建成功
../../data/train/1/143
 创建成功
../../data/train/1/144
 创建成功
../../data/train/1/145
 创建成功
../../data/train/1/146
 创建成功
../../data/train/1/147
 创建成功
../../data/train/1/148
 创建成功
../../data/train/1/149
 创建成功
../../data/train/1/150
 创建成功
../../data/train/1/151
 创建成功
../../data/train/1/152
 创建成功
../../data/train/1/153
 创建成功
../../data/train/1/154
 创建成功
../../data/train/1/155
 创建成功
../../data/train/1/156
 创建成功
../../data/train/1/157
 创建成功
../../data/train/1/158
 创建成功
../../data/train/1/159
 创建成功
../../data/train/1/160
 创建成功
../../data/train/1/161
 创建成功
../../data/train/1/162
 创建成功
../../data/train/1/163
 创建成功
../../data/train/1/164
 创建成功
../../data/train/1/165
 创建成功
../../data/train/1/166
 创建成功
../../data/train/1/167
 创建成功
../../data/train/1/168
 创建成功
../../data/train/1/169
 创建成功
../../data/train/1/170
 创建成功
../../data/train/1/171
 创建成功
../../data/train/1/172
 创建成功
../../data/train/1/173
 创建成功
../../data/train/1/174
 创建成功
../../data/train/1/175
 创建成功
../../data/train/1/176
 创建成功
../../data/train/1/177
 创建成功
../../data/train/1/178
 创建成功
../../data/train/1/179
 创建成功
../../data/train/1/180
 创建成功
../../data/train/1/181
 创建成功
../../data/train/1/182
 创建成功
../../data/train/1/183
 创建成功
../../data/train/1/184
 创建成功
../../data/train/1/185
 创建成功
../../data/train/1/186
 创建成功
../../data/train/1/187
 创建成功
../../data/train/1/188
 创建成功
../../data/train/1/189
 创建成功
../../data/train/1/190
 创建成功
../../data/train/1/191
 创建成功
../../data/train/1/192
 创建成功
../../data/train/1/193
 创建成功
../../data/train/1/194
 创建成功
../../data/train/1/195
 创建成功
../../data/train/1/196
 创建成功
../../data/train/1/197
 创建成功
../../data/train/1/198
 创建成功
../../data/train/1/199
 创建成功
../../data/train/1/200
 创建成功
../../data/train/1/201
 创建成功
../../data/train/1/202
 创建成功
../../data/train/1/203
 创建成功
../../data/train/1/204
 创建成功
../../data/train/1/205
 创建成功
../../data/train/1/206
 创建成功
../../data/train/1/207
 创建成功
../../data/train/1/208
 创建成功
../../data/train/1/209
 创建成功
../../data/train/1/210
 创建成功
../../data/train/1/211
 创建成功
../../data/train/1/212
 创建成功
../../data/train/1/213
 创建成功
../../data/train/1/214
 创建成功
../../data/train/1/215
 创建成功
../../data/train/1/216
 创建成功
../../data/train/1/217
 创建成功
../../data/train/1/218
 创建成功
../../data/train/1/219
 创建成功
../../data/train/1/220
 创建成功
../../data/train/1/221
 创建成功
../../data/train/1/222
 创建成功
../../data/train/1/223
 创建成功
../../data/train/1/224
 创建成功
../../data/train/1/225
 创建成功
../../data/train/1/226
 创建成功
../../data/train/1/227
 创建成功
../../data/train/1/228
 创建成功
../../data/train/1/229
 创建成功
../../data/train/1/230
 创建成功
../../data/train/1/231
 创建成功
../../data/train/1/232
 创建成功
../../data/train/1/233
 创建成功
../../data/train/1/234
 创建成功
../../data/train/1/235
 创建成功
../../data/train/1/236
 创建成功
../../data/train/1/237
 创建成功
../../data/train/1/238
 创建成功
../../data/train/1/239
 创建成功
../../data/train/1/240
 创建成功
../../data/train/1/241
 创建成功
../../data/train/1/242
 创建成功
../../data/train/1/243
 创建成功
../../data/train/1/244
 创建成功
../../data/train/1/245
 创建成功
../../data/train/1/246
 创建成功
../../data/train/1/247
 创建成功
../../data/train/1/248
 创建成功
../../data/train/1/249
 创建成功
../../data/train/1/250
 创建成功
../../data/train/1/251
 创建成功
../../data/train/1/252
 创建成功
../../data/train/1/253
 创建成功
../../data/train/1/254
 创建成功
../../data/train/1/255
 创建成功
../../data/train/1/256
 创建成功
../../data/train/1/257
 创建成功
../../data/train/1/258
 创建成功
../../data/train/1/259
 创建成功
../../data/train/1/260
 创建成功
../../data/train/1/261
 创建成功
../../data/train/1/262
 创建成功
../../data/train/1/263
 创建成功
../../data/train/1/264
 创建成功
../../data/train/1/265
 创建成功
../../data/train/1/266
 创建成功
../../data/train/1/267
 创建成功
../../data/train/1/268
 创建成功
../../data/train/1/269
 创建成功
../../data/train/1/270
 创建成功
../../data/train/1/271
 创建成功
../../data/train/1/272
 创建成功
../../data/train/1/273
 创建成功
../../data/train/1/274
 创建成功
../../data/train/1/275
 创建成功
../../data/train/1/276
 创建成功
../../data/train/1/277
 创建成功
../../data/train/1/278
 创建成功
../../data/train/1/279
 创建成功
../../data/train/1/280
 创建成功
../../data/train/1/281
 创建成功
../../data/train/1/282
 创建成功
../../data/train/1/283
 创建成功
../../data/train/1/284
 创建成功
../../data/train/1/285
 创建成功
../../data/train/1/286
 创建成功
../../data/train/1/287
 创建成功
../../data/train/1/288
 创建成功
../../data/train/1/289
 创建成功
../../data/train/1/290
 创建成功
../../data/train/1/291
 创建成功
../../data/train/1/292
 创建成功
../../data/train/1/293
 创建成功
../../data/train/1/294
 创建成功
../../data/train/1/295
 创建成功
../../data/train/1/296
 创建成功
../../data/train/1/297
 创建成功
../../data/train/1/298
 创建成功
../../data/train/1/299
 创建成功
../../data/train/1/300
 创建成功
../../data/train/1/301
 创建成功
../../data/train/1/302
 创建成功
../../data/train/1/303
 创建成功
../../data/train/1/304
 创建成功
../../data/train/1/305
 创建成功
../../data/train/1/306
 创建成功
../../data/train/1/307
 创建成功
../../data/train/1/308
 创建成功
../../data/train/1/309
 创建成功
../../data/train/1/310
 创建成功
../../data/train/1/311
 创建成功
../../data/train/1/312
 创建成功
../../data/train/1/313
 创建成功
../../data/train/1/314
 创建成功
../../data/train/1/315
 创建成功
../../data/train/1/316
 创建成功
../../data/train/1/317
 创建成功
../../data/train/1/318
 创建成功
../../data/train/1/319
 创建成功
../../data/train/1/320
 创建成功
../../data/train/1/321
 创建成功
../../data/train/1/322
 创建成功
../../data/train/1/323
 创建成功
../../data/train/1/324
 创建成功
../../data/train/1/325
 创建成功
../../data/train/1/326
 创建成功
../../data/train/1/327
 创建成功
../../data/train/1/328
 创建成功
../../data/train/1/329
 创建成功
../../data/train/1/330
 创建成功
../../data/train/1/331
 创建成功
../../data/train/1/332
 创建成功
../../data/train/1/333
 创建成功
../../data/train/1/334
 创建成功
../../data/train/1/335
 创建成功
../../data/train/1/336
 创建成功
../../data/train/1/337
 创建成功
../../data/train/1/338
 创建成功
../../data/train/1/339
 创建成功
../../data/train/1/340
 创建成功
../../data/train/1/341
 创建成功
../../data/train/1/342
 创建成功
../../data/train/1/343
 创建成功
../../data/train/1/344
 创建成功
../../data/train/1/345
 创建成功
../../data/train/1/346
 创建成功
../../data/train/1/347
 创建成功
../../data/train/1/348
 创建成功
../../data/train/1/349
 创建成功
../../data/train/1/350
 创建成功
../../data/train/1/351
 创建成功
../../data/train/1/352
 创建成功
../../data/train/1/353
 创建成功
../../data/train/1/354
 创建成功
../../data/train/1/355
 创建成功
../../data/train/1/356
 创建成功
../../data/train/1/357
 创建成功
../../data/train/1/358
 创建成功
../../data/train/1/359
 创建成功
../../data/train/1/360
 创建成功
../../data/train/1/361
 创建成功
../../data/train/1/362
 创建成功
../../data/train/1/363
 创建成功
../../data/train/1/364
 创建成功
../../data/train/1/365
 创建成功
../../data/train/1/366
 创建成功
../../data/train/1/367
 创建成功
../../data/train/1/368
 创建成功
../../data/train/1/369
 创建成功
../../data/train/1/370
 创建成功
../../data/train/1/371
 创建成功
../../data/train/1/372
 创建成功
../../data/train/1/373
 创建成功
../../data/train/1/374
 创建成功
../../data/train/1/375
 创建成功
../../data/train/1/376
 创建成功
../../data/train/1/377
 创建成功
../../data/train/1/378
 创建成功
../../data/train/1/379
 创建成功
../../data/train/1/380
 创建成功
../../data/train/1/381
 创建成功
../../data/train/1/382
 创建成功
../../data/train/1/383
 创建成功
../../data/train/1/384
 创建成功
../../data/train/1/385
 创建成功
../../data/train/1/386
 创建成功
../../data/train/1/387
 创建成功
../../data/train/1/388
 创建成功
../../data/train/1/389
 创建成功
../../data/train/1/390
 创建成功
../../data/train/1/391
 创建成功
../../data/train/1/392
 创建成功
../../data/train/1/393
 创建成功
../../data/train/1/394
 创建成功
../../data/train/1/395
 创建成功
../../data/train/1/396
 创建成功
../../data/train/1/397
 创建成功
../../data/train/1/398
 创建成功
../../data/train/1/399
 创建成功
../../data/train/1/400
 创建成功
../../data/train/1/401
 创建成功
../../data/train/1/402
 创建成功
../../data/train/1/403
 创建成功
../../data/train/1/404
 创建成功
../../data/train/1/405
 创建成功
../../data/train/1/406
 创建成功
../../data/train/1/407
 创建成功
../../data/train/1/408
 创建成功
../../data/train/1/409
 创建成功
../../data/train/1/410
 创建成功
../../data/train/1/411
 创建成功
../../data/train/1/412
 创建成功
../../data/train/1/413
 创建成功
../../data/train/1/414
 创建成功
../../data/train/1/415
 创建成功
../../data/train/1/416
 创建成功
../../data/train/1/417
 创建成功
../../data/train/1/418
 创建成功
../../data/train/1/419
 创建成功
../../data/train/1/420
 创建成功
../../data/train/1/421
 创建成功
../../data/train/1/422
 创建成功
../../data/train/1/423
 创建成功
../../data/train/1/424
 创建成功
../../data/train/1/425
 创建成功
../../data/train/1/426
 创建成功
../../data/train/1/427
 创建成功
../../data/train/1/428
 创建成功
../../data/train/1/429
 创建成功
../../data/train/1/430
 创建成功
../../data/train/1/431
 创建成功
../../data/train/1/432
 创建成功
../../data/train/1/433
 创建成功
../../data/train/1/434
 创建成功
../../data/train/1/435
 创建成功
../../data/train/1/436
 创建成功
../../data/train/1/437
 创建成功
../../data/train/1/438
 创建成功
../../data/train/1/439
 创建成功
../../data/train/1/440
 创建成功
../../data/train/1/441
 创建成功
../../data/train/1/442
 创建成功
../../data/train/1/443
 创建成功
../../data/train/1/444
 创建成功
../../data/train/1/445
 创建成功
../../data/train/1/446
 创建成功
../../data/train/1/447
 创建成功
../../data/train/1/448
 创建成功
../../data/train/1/449
 创建成功
../../data/train/1/450
 创建成功
../../data/train/1/451
 创建成功
../../data/train/1/452
 创建成功
../../data/train/1/453
 创建成功
../../data/train/1/454
 创建成功
../../data/train/1/455
 创建成功
../../data/train/1/456
 创建成功
../../data/train/1/457
 创建成功
../../data/train/1/458
 创建成功
../../data/train/1/459
 创建成功
../../data/train/1/460
 创建成功
../../data/train/1/461
 创建成功
../../data/train/1/462
 创建成功
../../data/train/1/463
 创建成功
../../data/train/1/464
 创建成功
../../data/train/1/465
 创建成功
../../data/train/1/466
 创建成功
../../data/train/1/467
 创建成功
../../data/train/1/468
 创建成功
../../data/train/1/469
 创建成功
../../data/train/1/470
 创建成功
../../data/train/1/471
 创建成功
../../data/train/1/472
 创建成功
../../data/train/1/473
 创建成功
../../data/train/1/474
 创建成功
../../data/train/1/475
 创建成功
../../data/train/1/476
 创建成功
../../data/train/1/477
 创建成功
../../data/train/1/478
 创建成功
../../data/train/1/479
 创建成功
../../data/train/1/480
 创建成功
../../data/train/1/481
 创建成功
../../data/train/1/482
 创建成功
../../data/train/1/483
 创建成功
../../data/train/1/484
 创建成功
../../data/train/1/485
 创建成功
../../data/train/1/486
 创建成功
../../data/train/1/487
 创建成功
../../data/train/1/488
 创建成功
../../data/train/1/489
 创建成功
../../data/train/1/490
 创建成功
../../data/train/1/491
 创建成功
../../data/train/1/492
 创建成功
../../data/train/1/493
 创建成功
../../data/train/1/494
 创建成功
../../data/train/1/495
 创建成功
../../data/train/1/496
 创建成功
../../data/train/1/497
 创建成功
../../data/train/1/498
 创建成功
../../data/train/1/499
 创建成功
../../data/train/2
 创建成功
../../data/train/2/0
 创建成功
../../data/train/2/1
 创建成功
../../data/train/2/2
 创建成功
../../data/train/2/3
 创建成功
../../data/train/2/4
 创建成功
../../data/train/2/5
 创建成功
../../data/train/2/6
 创建成功
../../data/train/2/7
 创建成功
../../data/train/2/8
 创建成功
../../data/train/2/9
 创建成功
../../data/train/2/10
 创建成功
../../data/train/2/11
 创建成功
../../data/train/2/12
 创建成功
../../data/train/2/13
 创建成功
../../data/train/2/14
 创建成功
../../data/train/2/15
 创建成功
../../data/train/2/16
 创建成功
../../data/train/2/17
 创建成功
../../data/train/2/18
 创建成功
../../data/train/2/19
 创建成功
../../data/train/2/20
 创建成功
../../data/train/2/21
 创建成功
../../data/train/2/22
 创建成功
../../data/train/2/23
 创建成功
../../data/train/2/24
 创建成功
../../data/train/2/25
 创建成功
../../data/train/2/26
 创建成功
../../data/train/2/27
 创建成功
../../data/train/2/28
 创建成功
../../data/train/2/29
 创建成功
../../data/train/2/30
 创建成功
../../data/train/2/31
 创建成功
../../data/train/2/32
 创建成功
../../data/train/2/33
 创建成功
../../data/train/2/34
 创建成功
../../data/train/2/35
 创建成功
../../data/train/2/36
 创建成功
../../data/train/2/37
 创建成功
../../data/train/2/38
 创建成功
../../data/train/2/39
 创建成功
../../data/train/2/40
 创建成功
../../data/train/2/41
 创建成功
../../data/train/2/42
 创建成功
../../data/train/2/43
 创建成功
../../data/train/2/44
 创建成功
../../data/train/2/45
 创建成功
../../data/train/2/46
 创建成功
../../data/train/2/47
 创建成功
../../data/train/2/48
 创建成功
../../data/train/2/49
 创建成功
../../data/train/2/50
 创建成功
../../data/train/2/51
 创建成功
../../data/train/2/52
 创建成功
../../data/train/2/53
 创建成功
../../data/train/2/54
 创建成功
../../data/train/2/55
 创建成功
../../data/train/2/56
 创建成功
../../data/train/2/57
 创建成功
../../data/train/2/58
 创建成功
../../data/train/2/59
 创建成功
../../data/train/2/60
 创建成功
../../data/train/2/61
 创建成功
../../data/train/2/62
 创建成功
../../data/train/2/63
 创建成功
../../data/train/2/64
 创建成功
../../data/train/2/65
 创建成功
../../data/train/2/66
 创建成功
../../data/train/2/67
 创建成功
../../data/train/2/68
 创建成功
../../data/train/2/69
 创建成功
../../data/train/2/70
 创建成功
../../data/train/2/71
 创建成功
../../data/train/2/72
 创建成功
../../data/train/2/73
 创建成功
../../data/train/2/74
 创建成功
../../data/train/2/75
 创建成功
../../data/train/2/76
 创建成功
../../data/train/2/77
 创建成功
../../data/train/2/78
 创建成功
../../data/train/2/79
 创建成功
../../data/train/2/80
 创建成功
../../data/train/2/81
 创建成功
../../data/train/2/82
 创建成功
../../data/train/2/83
 创建成功
../../data/train/2/84
 创建成功
../../data/train/2/85
 创建成功
../../data/train/2/86
 创建成功
../../data/train/2/87
 创建成功
../../data/train/2/88
 创建成功
../../data/train/2/89
 创建成功
../../data/train/2/90
 创建成功
../../data/train/2/91
 创建成功
../../data/train/2/92
 创建成功
../../data/train/2/93
 创建成功
../../data/train/2/94
 创建成功
../../data/train/2/95
 创建成功
../../data/train/2/96
 创建成功
../../data/train/2/97
 创建成功
../../data/train/2/98
 创建成功
../../data/train/2/99
 创建成功
../../data/train/2/100
 创建成功
../../data/train/2/101
 创建成功
../../data/train/2/102
 创建成功
../../data/train/2/103
 创建成功
../../data/train/2/104
 创建成功
../../data/train/2/105
 创建成功
../../data/train/2/106
 创建成功
../../data/train/2/107
 创建成功
../../data/train/2/108
 创建成功
../../data/train/2/109
 创建成功
../../data/train/2/110
 创建成功
../../data/train/2/111
 创建成功
../../data/train/2/112
 创建成功
../../data/train/2/113
 创建成功
../../data/train/2/114
 创建成功
../../data/train/2/115
 创建成功
../../data/train/2/116
 创建成功
../../data/train/2/117
 创建成功
../../data/train/2/118
 创建成功
../../data/train/2/119
 创建成功
../../data/train/2/120
 创建成功
../../data/train/2/121
 创建成功
../../data/train/2/122
 创建成功
../../data/train/2/123
 创建成功
../../data/train/2/124
 创建成功
../../data/train/2/125
 创建成功
../../data/train/2/126
 创建成功
../../data/train/2/127
 创建成功
../../data/train/2/128
 创建成功
../../data/train/2/129
 创建成功
../../data/train/2/130
 创建成功
../../data/train/2/131
 创建成功
../../data/train/2/132
 创建成功
../../data/train/2/133
 创建成功
../../data/train/2/134
 创建成功
../../data/train/2/135
 创建成功
../../data/train/2/136
 创建成功
../../data/train/2/137
 创建成功
../../data/train/2/138
 创建成功
../../data/train/2/139
 创建成功
../../data/train/2/140
 创建成功
../../data/train/2/141
 创建成功
../../data/train/2/142
 创建成功
../../data/train/2/143
 创建成功
../../data/train/2/144
 创建成功
../../data/train/2/145
 创建成功
../../data/train/2/146
 创建成功
../../data/train/2/147
 创建成功
../../data/train/2/148
 创建成功
../../data/train/2/149
 创建成功
../../data/train/2/150
 创建成功
../../data/train/2/151
 创建成功
../../data/train/2/152
 创建成功
../../data/train/2/153
 创建成功
../../data/train/2/154
 创建成功
../../data/train/2/155
 创建成功
../../data/train/2/156
 创建成功
../../data/train/2/157
 创建成功
../../data/train/2/158
 创建成功
../../data/train/2/159
 创建成功
../../data/train/2/160
 创建成功
../../data/train/2/161
 创建成功
../../data/train/2/162
 创建成功
../../data/train/2/163
 创建成功
../../data/train/2/164
 创建成功
../../data/train/2/165
 创建成功
../../data/train/2/166
 创建成功
../../data/train/2/167
 创建成功
../../data/train/2/168
 创建成功
../../data/train/2/169
 创建成功
../../data/train/2/170
 创建成功
../../data/train/2/171
 创建成功
../../data/train/2/172
 创建成功
../../data/train/2/173
 创建成功
../../data/train/2/174
 创建成功
../../data/train/2/175
 创建成功
../../data/train/2/176
 创建成功
../../data/train/2/177
 创建成功
../../data/train/2/178
 创建成功
../../data/train/2/179
 创建成功
../../data/train/2/180
 创建成功
../../data/train/2/181
 创建成功
../../data/train/2/182
 创建成功
../../data/train/2/183
 创建成功
../../data/train/2/184
 创建成功
../../data/train/2/185
 创建成功
../../data/train/2/186
 创建成功
../../data/train/2/187
 创建成功
../../data/train/2/188
 创建成功
../../data/train/2/189
 创建成功
../../data/train/2/190
 创建成功
../../data/train/2/191
 创建成功
../../data/train/2/192
 创建成功
../../data/train/2/193
 创建成功
../../data/train/2/194
 创建成功
../../data/train/2/195
 创建成功
../../data/train/2/196
 创建成功
../../data/train/2/197
 创建成功
../../data/train/2/198
 创建成功
../../data/train/2/199
 创建成功
../../data/train/2/200
 创建成功
../../data/train/2/201
 创建成功
../../data/train/2/202
 创建成功
../../data/train/2/203
 创建成功
../../data/train/2/204
 创建成功
../../data/train/2/205
 创建成功
../../data/train/2/206
 创建成功
../../data/train/2/207
 创建成功
../../data/train/2/208
 创建成功
../../data/train/2/209
 创建成功
../../data/train/2/210
 创建成功
../../data/train/2/211
 创建成功
../../data/train/2/212
 创建成功
../../data/train/2/213
 创建成功
../../data/train/2/214
 创建成功
../../data/train/2/215
 创建成功
../../data/train/2/216
 创建成功
../../data/train/2/217
 创建成功
../../data/train/2/218
 创建成功
../../data/train/2/219
 创建成功
../../data/train/2/220
 创建成功
../../data/train/2/221
 创建成功
../../data/train/2/222
 创建成功
../../data/train/2/223
 创建成功
../../data/train/2/224
 创建成功
../../data/train/2/225
 创建成功
../../data/train/2/226
 创建成功
../../data/train/2/227
 创建成功
../../data/train/2/228
 创建成功
../../data/train/2/229
 创建成功
../../data/train/2/230
 创建成功
../../data/train/2/231
 创建成功
../../data/train/2/232
 创建成功
../../data/train/2/233
 创建成功
../../data/train/2/234
 创建成功
../../data/train/2/235
 创建成功
../../data/train/2/236
 创建成功
../../data/train/2/237
 创建成功
../../data/train/2/238
 创建成功
../../data/train/2/239
 创建成功
../../data/train/2/240
 创建成功
../../data/train/2/241
 创建成功
../../data/train/2/242
 创建成功
../../data/train/2/243
 创建成功
../../data/train/2/244
 创建成功
../../data/train/2/245
 创建成功
../../data/train/2/246
 创建成功
../../data/train/2/247
 创建成功
../../data/train/2/248
 创建成功
../../data/train/2/249
 创建成功
../../data/train/2/250
 创建成功
../../data/train/2/251
 创建成功
../../data/train/2/252
 创建成功
../../data/train/2/253
 创建成功
../../data/train/2/254
 创建成功
../../data/train/2/255
 创建成功
../../data/train/2/256
 创建成功
../../data/train/2/257
 创建成功
../../data/train/2/258
 创建成功
../../data/train/2/259
 创建成功
../../data/train/2/260
 创建成功
../../data/train/2/261
 创建成功
../../data/train/2/262
 创建成功
../../data/train/2/263
 创建成功
../../data/train/2/264
 创建成功
../../data/train/2/265
 创建成功
../../data/train/2/266
 创建成功
../../data/train/2/267
 创建成功
../../data/train/2/268
 创建成功
../../data/train/2/269
 创建成功
../../data/train/2/270
 创建成功
../../data/train/2/271
 创建成功
../../data/train/2/272
 创建成功
../../data/train/2/273
 创建成功
../../data/train/2/274
 创建成功
../../data/train/2/275
 创建成功
../../data/train/2/276
 创建成功
../../data/train/2/277
 创建成功
../../data/train/2/278
 创建成功
../../data/train/2/279
 创建成功
../../data/train/2/280
 创建成功
../../data/train/2/281
 创建成功
../../data/train/2/282
 创建成功
../../data/train/2/283
 创建成功
../../data/train/2/284
 创建成功
../../data/train/2/285
 创建成功
../../data/train/2/286
 创建成功
../../data/train/2/287
 创建成功
../../data/train/2/288
 创建成功
../../data/train/2/289
 创建成功
../../data/train/2/290
 创建成功
../../data/train/2/291
 创建成功
../../data/train/2/292
 创建成功
../../data/train/2/293
 创建成功
../../data/train/2/294
 创建成功
../../data/train/2/295
 创建成功
../../data/train/2/296
 创建成功
../../data/train/2/297
 创建成功
../../data/train/2/298
 创建成功
../../data/train/2/299
 创建成功
../../data/train/2/300
 创建成功
../../data/train/2/301
 创建成功
../../data/train/2/302
 创建成功
../../data/train/2/303
 创建成功
../../data/train/2/304
 创建成功
../../data/train/2/305
 创建成功
../../data/train/2/306
 创建成功
../../data/train/2/307
 创建成功
../../data/train/2/308
 创建成功
../../data/train/2/309
 创建成功
../../data/train/2/310
 创建成功
../../data/train/2/311
 创建成功
../../data/train/2/312
 创建成功
../../data/train/2/313
 创建成功
../../data/train/2/314
 创建成功
../../data/train/2/315
 创建成功
../../data/train/2/316
 创建成功
../../data/train/2/317
 创建成功
../../data/train/2/318
 创建成功
../../data/train/2/319
 创建成功
../../data/train/2/320
 创建成功
../../data/train/2/321
 创建成功
../../data/train/2/322
 创建成功
../../data/train/2/323
 创建成功
../../data/train/2/324
 创建成功
../../data/train/2/325
 创建成功
../../data/train/2/326
 创建成功
../../data/train/2/327
 创建成功
../../data/train/2/328
 创建成功
../../data/train/2/329
 创建成功
../../data/train/2/330
 创建成功
../../data/train/2/331
 创建成功
../../data/train/2/332
 创建成功
../../data/train/2/333
 创建成功
../../data/train/2/334
 创建成功
../../data/train/2/335
 创建成功
../../data/train/2/336
 创建成功
../../data/train/2/337
 创建成功
../../data/train/2/338
 创建成功
../../data/train/2/339
 创建成功
../../data/train/2/340
 创建成功
../../data/train/2/341
 创建成功
../../data/train/2/342
 创建成功
../../data/train/2/343
 创建成功
../../data/train/2/344
 创建成功
../../data/train/2/345
 创建成功
../../data/train/2/346
 创建成功
../../data/train/2/347
 创建成功
../../data/train/2/348
 创建成功
../../data/train/2/349
 创建成功
../../data/train/2/350
 创建成功
../../data/train/2/351
 创建成功
../../data/train/2/352
 创建成功
../../data/train/2/353
 创建成功
../../data/train/2/354
 创建成功
../../data/train/2/355
 创建成功
../../data/train/2/356
 创建成功
../../data/train/2/357
 创建成功
../../data/train/2/358
 创建成功
../../data/train/2/359
 创建成功
../../data/train/2/360
 创建成功
../../data/train/2/361
 创建成功
../../data/train/2/362
 创建成功
../../data/train/2/363
 创建成功
../../data/train/2/364
 创建成功
../../data/train/2/365
 创建成功
../../data/train/2/366
 创建成功
../../data/train/2/367
 创建成功
../../data/train/2/368
 创建成功
../../data/train/2/369
 创建成功
../../data/train/2/370
 创建成功
../../data/train/2/371
 创建成功
../../data/train/2/372
 创建成功
../../data/train/2/373
 创建成功
../../data/train/2/374
 创建成功
../../data/train/2/375
 创建成功
../../data/train/2/376
 创建成功
../../data/train/2/377
 创建成功
../../data/train/2/378
 创建成功
../../data/train/2/379
 创建成功
../../data/train/2/380
 创建成功
../../data/train/2/381
 创建成功
../../data/train/2/382
 创建成功
../../data/train/2/383
 创建成功
../../data/train/2/384
 创建成功
../../data/train/2/385
 创建成功
../../data/train/2/386
 创建成功
../../data/train/2/387
 创建成功
../../data/train/2/388
 创建成功
../../data/train/2/389
 创建成功
../../data/train/2/390
 创建成功
../../data/train/2/391
 创建成功
../../data/train/2/392
 创建成功
../../data/train/2/393
 创建成功
../../data/train/2/394
 创建成功
../../data/train/2/395
 创建成功
../../data/train/2/396
 创建成功
../../data/train/2/397
 创建成功
../../data/train/2/398
 创建成功
../../data/train/2/399
 创建成功
../../data/train/2/400
 创建成功
../../data/train/2/401
 创建成功
../../data/train/2/402
 创建成功
../../data/train/2/403
 创建成功
../../data/train/2/404
 创建成功
../../data/train/2/405
 创建成功
../../data/train/2/406
 创建成功
../../data/train/2/407
 创建成功
../../data/train/2/408
 创建成功
../../data/train/2/409
 创建成功
../../data/train/2/410
 创建成功
../../data/train/2/411
 创建成功
../../data/train/2/412
 创建成功
../../data/train/2/413
 创建成功
../../data/train/2/414
 创建成功
../../data/train/2/415
 创建成功
../../data/train/2/416
 创建成功
../../data/train/2/417
 创建成功
../../data/train/2/418
 创建成功
../../data/train/2/419
 创建成功
../../data/train/2/420
 创建成功
../../data/train/2/421
 创建成功
../../data/train/2/422
 创建成功
../../data/train/2/423
 创建成功
../../data/train/2/424
 创建成功
../../data/train/2/425
 创建成功
../../data/train/2/426
 创建成功
../../data/train/2/427
 创建成功
../../data/train/2/428
 创建成功
../../data/train/2/429
 创建成功
../../data/train/2/430
 创建成功
../../data/train/2/431
 创建成功
../../data/train/2/432
 创建成功
../../data/train/2/433
 创建成功
../../data/train/2/434
 创建成功
../../data/train/2/435
 创建成功
../../data/train/2/436
 创建成功
../../data/train/2/437
 创建成功
../../data/train/2/438
 创建成功
../../data/train/2/439
 创建成功
../../data/train/2/440
 创建成功
../../data/train/2/441
 创建成功
../../data/train/2/442
 创建成功
../../data/train/2/443
 创建成功
../../data/train/2/444
 创建成功
../../data/train/2/445
 创建成功
../../data/train/2/446
 创建成功
../../data/train/2/447
 创建成功
../../data/train/2/448
 创建成功
../../data/train/2/449
 创建成功
../../data/train/2/450
 创建成功
../../data/train/2/451
 创建成功
../../data/train/2/452
 创建成功
../../data/train/2/453
 创建成功
../../data/train/2/454
 创建成功
../../data/train/2/455
 创建成功
../../data/train/2/456
 创建成功
../../data/train/2/457
 创建成功
../../data/train/2/458
 创建成功
../../data/train/2/459
 创建成功
../../data/train/2/460
 创建成功
../../data/train/2/461
 创建成功
../../data/train/2/462
 创建成功
../../data/train/2/463
 创建成功
../../data/train/2/464
 创建成功
../../data/train/2/465
 创建成功
../../data/train/2/466
 创建成功
../../data/train/2/467
 创建成功
../../data/train/2/468
 创建成功
../../data/train/2/469
 创建成功
../../data/train/2/470
 创建成功
../../data/train/2/471
 创建成功
../../data/train/2/472
 创建成功
../../data/train/2/473
 创建成功
../../data/train/2/474
 创建成功
../../data/train/2/475
 创建成功
../../data/train/2/476
 创建成功
../../data/train/2/477
 创建成功
../../data/train/2/478
 创建成功
../../data/train/2/479
 创建成功
../../data/train/2/480
 创建成功
../../data/train/2/481
 创建成功
../../data/train/2/482
 创建成功
../../data/train/2/483
 创建成功
../../data/train/2/484
 创建成功
../../data/train/2/485
 创建成功
../../data/train/2/486
 创建成功
../../data/train/2/487
 创建成功
../../data/train/2/488
 创建成功
../../data/train/2/489
 创建成功
../../data/train/2/490
 创建成功
../../data/train/2/491
 创建成功
../../data/train/2/492
 创建成功
../../data/train/2/493
 创建成功
../../data/train/2/494
 创建成功
../../data/train/2/495
 创建成功
../../data/train/2/496
 创建成功
../../data/train/2/497
 创建成功
../../data/train/2/498
 创建成功
../../data/train/2/499
 创建成功
../../data/train/3
 创建成功
../../data/train/3/0
 创建成功
../../data/train/3/1
 创建成功
../../data/train/3/2
 创建成功
../../data/train/3/3
 创建成功
../../data/train/3/4
 创建成功
../../data/train/3/5
 创建成功
../../data/train/3/6
 创建成功
../../data/train/3/7
 创建成功
../../data/train/3/8
 创建成功
../../data/train/3/9
 创建成功
../../data/train/3/10
 创建成功
../../data/train/3/11
 创建成功
../../data/train/3/12
 创建成功
../../data/train/3/13
 创建成功
../../data/train/3/14
 创建成功
../../data/train/3/15
 创建成功
../../data/train/3/16
 创建成功
../../data/train/3/17
 创建成功
../../data/train/3/18
 创建成功
../../data/train/3/19
 创建成功
../../data/train/3/20
 创建成功
../../data/train/3/21
 创建成功
../../data/train/3/22
 创建成功
../../data/train/3/23
 创建成功
../../data/train/3/24
 创建成功
../../data/train/3/25
 创建成功
../../data/train/3/26
 创建成功
../../data/train/3/27
 创建成功
../../data/train/3/28
 创建成功
../../data/train/3/29
 创建成功
../../data/train/3/30
 创建成功
../../data/train/3/31
 创建成功
../../data/train/3/32
 创建成功
../../data/train/3/33
 创建成功
../../data/train/3/34
 创建成功
../../data/train/3/35
 创建成功
../../data/train/3/36
 创建成功
../../data/train/3/37
 创建成功
../../data/train/3/38
 创建成功
../../data/train/3/39
 创建成功
../../data/train/3/40
 创建成功
../../data/train/3/41
 创建成功
../../data/train/3/42
 创建成功
../../data/train/3/43
 创建成功
../../data/train/3/44
 创建成功
../../data/train/3/45
 创建成功
../../data/train/3/46
 创建成功
../../data/train/3/47
 创建成功
../../data/train/3/48
 创建成功
../../data/train/3/49
 创建成功
../../data/train/3/50
 创建成功
../../data/train/3/51
 创建成功
../../data/train/3/52
 创建成功
../../data/train/3/53
 创建成功
../../data/train/3/54
 创建成功
../../data/train/3/55
 创建成功
../../data/train/3/56
 创建成功
../../data/train/3/57
 创建成功
../../data/train/3/58
 创建成功
../../data/train/3/59
 创建成功
../../data/train/3/60
 创建成功
../../data/train/3/61
 创建成功
../../data/train/3/62
 创建成功
../../data/train/3/63
 创建成功
../../data/train/3/64
 创建成功
../../data/train/3/65
 创建成功
../../data/train/3/66
 创建成功
../../data/train/3/67
 创建成功
../../data/train/3/68
 创建成功
../../data/train/3/69
 创建成功
../../data/train/3/70
 创建成功
../../data/train/3/71
 创建成功
../../data/train/3/72
 创建成功
../../data/train/3/73
 创建成功
../../data/train/3/74
 创建成功
../../data/train/3/75
 创建成功
../../data/train/3/76
 创建成功
../../data/train/3/77
 创建成功
../../data/train/3/78
 创建成功
../../data/train/3/79
 创建成功
../../data/train/3/80
 创建成功
../../data/train/3/81
 创建成功
../../data/train/3/82
 创建成功
../../data/train/3/83
 创建成功
../../data/train/3/84
 创建成功
../../data/train/3/85
 创建成功
../../data/train/3/86
 创建成功
../../data/train/3/87
 创建成功
../../data/train/3/88
 创建成功
../../data/train/3/89
 创建成功
../../data/train/3/90
 创建成功
../../data/train/3/91
 创建成功
../../data/train/3/92
 创建成功
../../data/train/3/93
 创建成功
../../data/train/3/94
 创建成功
../../data/train/3/95
 创建成功
../../data/train/3/96
 创建成功
../../data/train/3/97
 创建成功
../../data/train/3/98
 创建成功
../../data/train/3/99
 创建成功
../../data/train/3/100
 创建成功
../../data/train/3/101
 创建成功
../../data/train/3/102
 创建成功
../../data/train/3/103
 创建成功
../../data/train/3/104
 创建成功
../../data/train/3/105
 创建成功
../../data/train/3/106
 创建成功
../../data/train/3/107
 创建成功
../../data/train/3/108
 创建成功
../../data/train/3/109
 创建成功
../../data/train/3/110
 创建成功
../../data/train/3/111
 创建成功
../../data/train/3/112
 创建成功
../../data/train/3/113
 创建成功
../../data/train/3/114
 创建成功
../../data/train/3/115
 创建成功
../../data/train/3/116
 创建成功
../../data/train/3/117
 创建成功
../../data/train/3/118
 创建成功
../../data/train/3/119
 创建成功
../../data/train/3/120
 创建成功
../../data/train/3/121
 创建成功
../../data/train/3/122
 创建成功
../../data/train/3/123
 创建成功
../../data/train/3/124
 创建成功
../../data/train/3/125
 创建成功
../../data/train/3/126
 创建成功
../../data/train/3/127
 创建成功
../../data/train/3/128
 创建成功
../../data/train/3/129
 创建成功
../../data/train/3/130
 创建成功
../../data/train/3/131
 创建成功
../../data/train/3/132
 创建成功
../../data/train/3/133
 创建成功
../../data/train/3/134
 创建成功
../../data/train/3/135
 创建成功
../../data/train/3/136
 创建成功
../../data/train/3/137
 创建成功
../../data/train/3/138
 创建成功
../../data/train/3/139
 创建成功
../../data/train/3/140
 创建成功
../../data/train/3/141
 创建成功
../../data/train/3/142
 创建成功
../../data/train/3/143
 创建成功
../../data/train/3/144
 创建成功
../../data/train/3/145
 创建成功
../../data/train/3/146
 创建成功
../../data/train/3/147
 创建成功
../../data/train/3/148
 创建成功
../../data/train/3/149
 创建成功
../../data/train/3/150
 创建成功
../../data/train/3/151
 创建成功
../../data/train/3/152
 创建成功
../../data/train/3/153
 创建成功
../../data/train/3/154
 创建成功
../../data/train/3/155
 创建成功
../../data/train/3/156
 创建成功
../../data/train/3/157
 创建成功
../../data/train/3/158
 创建成功
../../data/train/3/159
 创建成功
../../data/train/3/160
 创建成功
../../data/train/3/161
 创建成功
../../data/train/3/162
 创建成功
../../data/train/3/163
 创建成功
../../data/train/3/164
 创建成功
../../data/train/3/165
 创建成功
../../data/train/3/166
 创建成功
../../data/train/3/167
 创建成功
../../data/train/3/168
 创建成功
../../data/train/3/169
 创建成功
../../data/train/3/170
 创建成功
../../data/train/3/171
 创建成功
../../data/train/3/172
 创建成功
../../data/train/3/173
 创建成功
../../data/train/3/174
 创建成功
../../data/train/3/175
 创建成功
../../data/train/3/176
 创建成功
../../data/train/3/177
 创建成功
../../data/train/3/178
 创建成功
../../data/train/3/179
 创建成功
../../data/train/3/180
 创建成功
../../data/train/3/181
 创建成功
../../data/train/3/182
 创建成功
../../data/train/3/183
 创建成功
../../data/train/3/184
 创建成功
../../data/train/3/185
 创建成功
../../data/train/3/186
 创建成功
../../data/train/3/187
 创建成功
../../data/train/3/188
 创建成功
../../data/train/3/189
 创建成功
../../data/train/3/190
 创建成功
../../data/train/3/191
 创建成功
../../data/train/3/192
 创建成功
../../data/train/3/193
 创建成功
../../data/train/3/194
 创建成功
../../data/train/3/195
 创建成功
../../data/train/3/196
 创建成功
../../data/train/3/197
 创建成功
../../data/train/3/198
 创建成功
../../data/train/3/199
 创建成功
../../data/train/3/200
 创建成功
../../data/train/3/201
 创建成功
../../data/train/3/202
 创建成功
../../data/train/3/203
 创建成功
../../data/train/3/204
 创建成功
../../data/train/3/205
 创建成功
../../data/train/3/206
 创建成功
../../data/train/3/207
 创建成功
../../data/train/3/208
 创建成功
../../data/train/3/209
 创建成功
../../data/train/3/210
 创建成功
../../data/train/3/211
 创建成功
../../data/train/3/212
 创建成功
../../data/train/3/213
 创建成功
../../data/train/3/214
 创建成功
../../data/train/3/215
 创建成功
../../data/train/3/216
 创建成功
../../data/train/3/217
 创建成功
../../data/train/3/218
 创建成功
../../data/train/3/219
 创建成功
../../data/train/3/220
 创建成功
../../data/train/3/221
 创建成功
../../data/train/3/222
 创建成功
../../data/train/3/223
 创建成功
../../data/train/3/224
 创建成功
../../data/train/3/225
 创建成功
../../data/train/3/226
 创建成功
../../data/train/3/227
 创建成功
../../data/train/3/228
 创建成功
../../data/train/3/229
 创建成功
../../data/train/3/230
 创建成功
../../data/train/3/231
 创建成功
../../data/train/3/232
 创建成功
../../data/train/3/233
 创建成功
../../data/train/3/234
 创建成功
../../data/train/3/235
 创建成功
../../data/train/3/236
 创建成功
../../data/train/3/237
 创建成功
../../data/train/3/238
 创建成功
../../data/train/3/239
 创建成功
../../data/train/3/240
 创建成功
../../data/train/3/241
 创建成功
../../data/train/3/242
 创建成功
../../data/train/3/243
 创建成功
../../data/train/3/244
 创建成功
../../data/train/3/245
 创建成功
../../data/train/3/246
 创建成功
../../data/train/3/247
 创建成功
../../data/train/3/248
 创建成功
../../data/train/3/249
 创建成功
../../data/train/3/250
 创建成功
../../data/train/3/251
 创建成功
../../data/train/3/252
 创建成功
../../data/train/3/253
 创建成功
../../data/train/3/254
 创建成功
../../data/train/3/255
 创建成功
../../data/train/3/256
 创建成功
../../data/train/3/257
 创建成功
../../data/train/3/258
 创建成功
../../data/train/3/259
 创建成功
../../data/train/3/260
 创建成功
../../data/train/3/261
 创建成功
../../data/train/3/262
 创建成功
../../data/train/3/263
 创建成功
../../data/train/3/264
 创建成功
../../data/train/3/265
 创建成功
../../data/train/3/266
 创建成功
../../data/train/3/267
 创建成功
../../data/train/3/268
 创建成功
../../data/train/3/269
 创建成功
../../data/train/3/270
 创建成功
../../data/train/3/271
 创建成功
../../data/train/3/272
 创建成功
../../data/train/3/273
 创建成功
../../data/train/3/274
 创建成功
../../data/train/3/275
 创建成功
../../data/train/3/276
 创建成功
../../data/train/3/277
 创建成功
../../data/train/3/278
 创建成功
../../data/train/3/279
 创建成功
../../data/train/3/280
 创建成功
../../data/train/3/281
 创建成功
../../data/train/3/282
 创建成功
../../data/train/3/283
 创建成功
../../data/train/3/284
 创建成功
../../data/train/3/285
 创建成功
../../data/train/3/286
 创建成功
../../data/train/3/287
 创建成功
../../data/train/3/288
 创建成功
../../data/train/3/289
 创建成功
../../data/train/3/290
 创建成功
../../data/train/3/291
 创建成功
../../data/train/3/292
 创建成功
../../data/train/3/293
 创建成功
../../data/train/3/294
 创建成功
../../data/train/3/295
 创建成功
../../data/train/3/296
 创建成功
../../data/train/3/297
 创建成功
../../data/train/3/298
 创建成功
../../data/train/3/299
 创建成功
../../data/train/3/300
 创建成功
../../data/train/3/301
 创建成功
../../data/train/3/302
 创建成功
../../data/train/3/303
 创建成功
../../data/train/3/304
 创建成功
../../data/train/3/305
 创建成功
../../data/train/3/306
 创建成功
../../data/train/3/307
 创建成功
../../data/train/3/308
 创建成功
../../data/train/3/309
 创建成功
../../data/train/3/310
 创建成功
../../data/train/3/311
 创建成功
../../data/train/3/312
 创建成功
../../data/train/3/313
 创建成功
../../data/train/3/314
 创建成功
../../data/train/3/315
 创建成功
../../data/train/3/316
 创建成功
../../data/train/3/317
 创建成功
../../data/train/3/318
 创建成功
../../data/train/3/319
 创建成功
../../data/train/3/320
 创建成功
../../data/train/3/321
 创建成功
../../data/train/3/322
 创建成功
../../data/train/3/323
 创建成功
../../data/train/3/324
 创建成功
../../data/train/3/325
 创建成功
../../data/train/3/326
 创建成功
../../data/train/3/327
 创建成功
../../data/train/3/328
 创建成功
../../data/train/3/329
 创建成功
../../data/train/3/330
 创建成功
../../data/train/3/331
 创建成功
../../data/train/3/332
 创建成功
../../data/train/3/333
 创建成功
../../data/train/3/334
 创建成功
../../data/train/3/335
 创建成功
../../data/train/3/336
 创建成功
../../data/train/3/337
 创建成功
../../data/train/3/338
 创建成功
../../data/train/3/339
 创建成功
../../data/train/3/340
 创建成功
../../data/train/3/341
 创建成功
../../data/train/3/342
 创建成功
../../data/train/3/343
 创建成功
../../data/train/3/344
 创建成功
../../data/train/3/345
 创建成功
../../data/train/3/346
 创建成功
../../data/train/3/347
 创建成功
../../data/train/3/348
 创建成功
../../data/train/3/349
 创建成功
../../data/train/3/350
 创建成功
../../data/train/3/351
 创建成功
../../data/train/3/352
 创建成功
../../data/train/3/353
 创建成功
../../data/train/3/354
 创建成功
../../data/train/3/355
 创建成功
../../data/train/3/356
 创建成功
../../data/train/3/357
 创建成功
../../data/train/3/358
 创建成功
../../data/train/3/359
 创建成功
../../data/train/3/360
 创建成功
../../data/train/3/361
 创建成功
../../data/train/3/362
 创建成功
../../data/train/3/363
 创建成功
../../data/train/3/364
 创建成功
../../data/train/3/365
 创建成功
../../data/train/3/366
 创建成功
../../data/train/3/367
 创建成功
../../data/train/3/368
 创建成功
../../data/train/3/369
 创建成功
../../data/train/3/370
 创建成功
../../data/train/3/371
 创建成功
../../data/train/3/372
 创建成功
../../data/train/3/373
 创建成功
../../data/train/3/374
 创建成功
../../data/train/3/375
 创建成功
../../data/train/3/376
 创建成功
../../data/train/3/377
 创建成功
../../data/train/3/378
 创建成功
../../data/train/3/379
 创建成功
../../data/train/3/380
 创建成功
../../data/train/3/381
 创建成功
../../data/train/3/382
 创建成功
../../data/train/3/383
 创建成功
../../data/train/3/384
 创建成功
../../data/train/3/385
 创建成功
../../data/train/3/386
 创建成功
../../data/train/3/387
 创建成功
../../data/train/3/388
 创建成功
../../data/train/3/389
 创建成功
../../data/train/3/390
 创建成功
../../data/train/3/391
 创建成功
../../data/train/3/392
 创建成功
../../data/train/3/393
 创建成功
../../data/train/3/394
 创建成功
../../data/train/3/395
 创建成功
../../data/train/3/396
 创建成功
../../data/train/3/397
 创建成功
../../data/train/3/398
 创建成功
../../data/train/3/399
 创建成功
../../data/train/3/400
 创建成功
../../data/train/3/401
 创建成功
../../data/train/3/402
 创建成功
../../data/train/3/403
 创建成功
../../data/train/3/404
 创建成功
../../data/train/3/405
 创建成功
../../data/train/3/406
 创建成功
../../data/train/3/407
 创建成功
../../data/train/3/408
 创建成功
../../data/train/3/409
 创建成功
../../data/train/3/410
 创建成功
../../data/train/3/411
 创建成功
../../data/train/3/412
 创建成功
../../data/train/3/413
 创建成功
../../data/train/3/414
 创建成功
../../data/train/3/415
 创建成功
../../data/train/3/416
 创建成功
../../data/train/3/417
 创建成功
../../data/train/3/418
 创建成功
../../data/train/3/419
 创建成功
../../data/train/3/420
 创建成功
../../data/train/3/421
 创建成功
../../data/train/3/422
 创建成功
../../data/train/3/423
 创建成功
../../data/train/3/424
 创建成功
../../data/train/3/425
 创建成功
../../data/train/3/426
 创建成功
../../data/train/3/427
 创建成功
../../data/train/3/428
 创建成功
../../data/train/3/429
 创建成功
../../data/train/3/430
 创建成功
../../data/train/3/431
 创建成功
../../data/train/3/432
 创建成功
../../data/train/3/433
 创建成功
../../data/train/3/434
 创建成功
../../data/train/3/435
 创建成功
../../data/train/3/436
 创建成功
../../data/train/3/437
 创建成功
../../data/train/3/438
 创建成功
../../data/train/3/439
 创建成功
../../data/train/3/440
 创建成功
../../data/train/3/441
 创建成功
../../data/train/3/442
 创建成功
../../data/train/3/443
 创建成功
../../data/train/3/444
 创建成功
../../data/train/3/445
 创建成功
../../data/train/3/446
 创建成功
../../data/train/3/447
 创建成功
../../data/train/3/448
 创建成功
../../data/train/3/449
 创建成功
../../data/train/3/450
 创建成功
../../data/train/3/451
 创建成功
../../data/train/3/452
 创建成功
../../data/train/3/453
 创建成功
../../data/train/3/454
 创建成功
../../data/train/3/455
 创建成功
../../data/train/3/456
 创建成功
../../data/train/3/457
 创建成功
../../data/train/3/458
 创建成功
../../data/train/3/459
 创建成功
../../data/train/3/460
 创建成功
../../data/train/3/461
 创建成功
../../data/train/3/462
 创建成功
../../data/train/3/463
 创建成功
../../data/train/3/464
 创建成功
../../data/train/3/465
 创建成功
../../data/train/3/466
 创建成功
../../data/train/3/467
 创建成功
../../data/train/3/468
 创建成功
../../data/train/3/469
 创建成功
../../data/train/3/470
 创建成功
../../data/train/3/471
 创建成功
../../data/train/3/472
 创建成功
../../data/train/3/473
 创建成功
../../data/train/3/474
 创建成功
../../data/train/3/475
 创建成功
../../data/train/3/476
 创建成功
../../data/train/3/477
 创建成功
../../data/train/3/478
 创建成功
../../data/train/3/479
 创建成功
../../data/train/3/480
 创建成功
../../data/train/3/481
 创建成功
../../data/train/3/482
 创建成功
../../data/train/3/483
 创建成功
../../data/train/3/484
 创建成功
../../data/train/3/485
 创建成功
../../data/train/3/486
 创建成功
../../data/train/3/487
 创建成功
../../data/train/3/488
 创建成功
../../data/train/3/489
 创建成功
../../data/train/3/490
 创建成功
../../data/train/3/491
 创建成功
../../data/train/3/492
 创建成功
../../data/train/3/493
 创建成功
../../data/train/3/494
 创建成功
../../data/train/3/495
 创建成功
../../data/train/3/496
 创建成功
../../data/train/3/497
 创建成功
../../data/train/3/498
 创建成功
../../data/train/3/499
 创建成功
1:48:04.034891
